2023-Jan-25 12:45:52.716890 INFO    [daemon] 

                                                                            
████████╗██╗  ██╗██████╗ ████████╗██╗    ██████╗ █████╗ █████╗ ██╗███╗   ██╗
╚══██╔══╝██║  ██║██╔══██╗╚══██╔══╝██║    ██╔═══╝██╔═══╝██╔══██╗██║████╗  ██║
   ██║   ██║  ██║██████╔╝   ██║   ██║    ████╗  ██║    ██║  ██║██║██╔██╗ ██║
   ██║   ██║  ██║██╔══██╗   ██║   ██║    ██╔═╝  ██║    ██║  ██║██║██║╚██╗██║
   ██║   ╚█████╔╝██║  ██║   ██║   ██████╗██████╗╚█████╗╚█████╔╝██║██║ ╚████║
   ╚═╝    ╚════╝ ╚═╝  ╚═╝   ╚═╝   ╚═════╝╚═════╝ ╚════╝ ╚════╝ ╚═╝╚═╝  ╚═══╝

 TirtleCoin v1.0.1.2001 ()
 This software is distributed under the General Public License v3.0

 Copyright 2018-2021, The TurtleCoin Developers

 Additional Copyright(s) may apply, please see the included LICENSE file for more information.
 If you did not receive a copy of the LICENSE, please visit:
 https://github.com/turtlecoin/turtlecoin/blob/master/LICENSE


2023-Jan-25 12:45:52.717523 INFO    [daemon] Program Working Directory: "/home/cole/Desktop/funny/turtlecoin/build/src"
2023-Jan-25 12:45:52.717752 INFO    [daemon] Loading Checkpoints for faster initial sync...
2023-Jan-25 12:45:52.717844 INFO    [daemon] Loaded 0 default checkpoints
2023-Jan-25 12:45:52.718087 INFO    [RocksDBWrapper] Opening DB in /home/cole/.TirtleCoin/DB
2023-Jan-25 12:45:52.721065 INFO    [RocksDBWrapper] DB not found in /home/cole/.TirtleCoin/DB. Creating new DB...
2023-Jan-25 12:45:53.010215 INFO    [daemon] Initializing core...
2023-Jan-25 12:45:53.014432 INFO    [daemon] Core initialized OK
2023-Jan-25 12:45:53.014728 INFO    [daemon] Initializing p2p server...
2023-Jan-25 12:45:53.014763 INFO    [node_server] Generated new peer ID: 2806692836125288326
2023-Jan-25 12:45:53.014780 INFO    [node_server] Binding on 0.0.0.0:11897
2023-Jan-25 12:45:53.014829 INFO    [node_server] Net service bound on 0.0.0.0:11897
2023-Jan-25 12:45:53.014845 INFO    [node_server] Attempting to add IGD port mapping.
2023-Jan-25 12:45:54.053477 INFO    [node_server] Added IGD port mapping.
2023-Jan-25 12:45:54.053528 INFO    [daemon] P2p server initialized OK
2023-Jan-25 12:45:54.053546 INFO    [daemon] Starting core rpc server on address 127.0.0.1:11898
2023-Jan-25 12:45:54.053686 INFO    [daemon] Starting p2p net loop...
2023-Jan-25 12:45:54.053710 INFO    [node_server] Starting node_server
2023-Jan-25 13:14:41.173737 INFO    [daemon] 

                                                                            
████████╗██╗  ██╗██████╗ ████████╗██╗    ██████╗ █████╗ █████╗ ██╗███╗   ██╗
╚══██╔══╝██║  ██║██╔══██╗╚══██╔══╝██║    ██╔═══╝██╔═══╝██╔══██╗██║████╗  ██║
   ██║   ██║  ██║██████╔╝   ██║   ██║    ████╗  ██║    ██║  ██║██║██╔██╗ ██║
   ██║   ██║  ██║██╔══██╗   ██║   ██║    ██╔═╝  ██║    ██║  ██║██║██║╚██╗██║
   ██║   ╚█████╔╝██║  ██║   ██║   ██████╗██████╗╚█████╗╚█████╔╝██║██║ ╚████║
   ╚═╝    ╚════╝ ╚═╝  ╚═╝   ╚═╝   ╚═════╝╚═════╝ ╚════╝ ╚════╝ ╚═╝╚═╝  ╚═══╝

 TirtleCoin v1.0.1.2001 ()
 This software is distributed under the General Public License v3.0

 Copyright 2018-2021, The TurtleCoin Developers

 Additional Copyright(s) may apply, please see the included LICENSE file for more information.
 If you did not receive a copy of the LICENSE, please visit:
 https://github.com/turtlecoin/turtlecoin/blob/master/LICENSE


2023-Jan-25 13:14:41.173845 INFO    [daemon] Program Working Directory: "/home/cole/Desktop/funny/tirtlecoin/build/src"
2023-Jan-25 13:14:41.173885 INFO    [daemon] Loading Checkpoints for faster initial sync...
2023-Jan-25 13:14:41.173900 INFO    [daemon] Loaded 0 default checkpoints
2023-Jan-25 13:14:41.173919 INFO    [RocksDBWrapper] Opening DB in /home/cole/.TirtleCoin/DB
2023-Jan-25 13:14:41.462123 INFO    [RocksDBWrapper] DB opened in /home/cole/.TirtleCoin/DB
2023-Jan-25 13:14:41.462621 INFO    [daemon] Initializing core...
2023-Jan-25 13:14:41.465628 INFO    [daemon] Core initialized OK
2023-Jan-25 13:14:41.467316 INFO    [daemon] Initializing p2p server...
2023-Jan-25 13:14:41.467470 INFO    [node_server] Generated new peer ID: 11762453294653814682
2023-Jan-25 13:14:41.467566 INFO    [node_server] Binding on 0.0.0.0:11897
2023-Jan-25 13:14:41.467699 INFO    [node_server] Net service bound on 0.0.0.0:11897
2023-Jan-25 13:14:41.467790 INFO    [node_server] Attempting to add IGD port mapping.
2023-Jan-25 13:14:42.497418 INFO    [node_server] Added IGD port mapping.
2023-Jan-25 13:14:42.497492 INFO    [daemon] P2p server initialized OK
2023-Jan-25 13:14:42.497523 INFO    [daemon] Starting core rpc server on address 127.0.0.1:11898
2023-Jan-25 13:14:42.497734 INFO    [daemon] Starting p2p net loop...
2023-Jan-25 13:14:42.497775 INFO    [node_server] Starting node_server
2023-Jan-25 13:33:02.575632 INFO    [node_server] Stop signal sent, please only EXIT or CTRL+C one time to avoid stalling the shutdown process.
2023-Jan-25 13:33:02.575856 DEBUG   [node_server] onIdle finished
2023-Jan-25 13:33:02.575961 INFO    [node_server] Stopping NodeServer and its 0 connections...
2023-Jan-25 13:33:02.576120 DEBUG   [node_server] acceptLoop() is interrupted
2023-Jan-25 13:33:02.576226 DEBUG   [node_server] acceptLoop finished
2023-Jan-25 13:33:02.576324 DEBUG   [node_server] timedSyncLoop() is interrupted
2023-Jan-25 13:33:02.576409 DEBUG   [node_server] timedSyncLoop finished
2023-Jan-25 13:33:02.576500 DEBUG   [node_server] timeoutLoop() is interrupted
2023-Jan-25 13:33:02.576586 INFO    [node_server] NodeServer loop stopped
2023-Jan-25 13:33:02.576668 INFO    [daemon] p2p net loop stopped
2023-Jan-25 13:33:02.576746 INFO    [daemon] Stopping core rpc server...
2023-Jan-25 13:33:02.587094 INFO    [daemon] Deinitializing p2p...
2023-Jan-25 13:33:02.587595 DEBUG   [Core] transactionPoolCleaningProcedure has been interrupted
2023-Jan-25 13:33:02.588917 INFO    [RocksDBWrapper] Closing DB.
2023-Jan-25 13:33:02.738299 INFO    [daemon] Node stopped.
2023-Jan-25 13:33:11.188529 INFO    [daemon] 

                                                                            
████████╗██╗  ██╗██████╗ ████████╗██╗    ██████╗ █████╗ █████╗ ██╗███╗   ██╗
╚══██╔══╝██║  ██║██╔══██╗╚══██╔══╝██║    ██╔═══╝██╔═══╝██╔══██╗██║████╗  ██║
   ██║   ██║  ██║██████╔╝   ██║   ██║    ████╗  ██║    ██║  ██║██║██╔██╗ ██║
   ██║   ██║  ██║██╔══██╗   ██║   ██║    ██╔═╝  ██║    ██║  ██║██║██║╚██╗██║
   ██║   ╚█████╔╝██║  ██║   ██║   ██████╗██████╗╚█████╗╚█████╔╝██║██║ ╚████║
   ╚═╝    ╚════╝ ╚═╝  ╚═╝   ╚═╝   ╚═════╝╚═════╝ ╚════╝ ╚════╝ ╚═╝╚═╝  ╚═══╝

 TirtleCoin v1.0.1.2001 ()
 This software is distributed under the General Public License v3.0

 Copyright 2018-2021, The TurtleCoin Developers

 Additional Copyright(s) may apply, please see the included LICENSE file for more information.
 If you did not receive a copy of the LICENSE, please visit:
 https://github.com/turtlecoin/turtlecoin/blob/master/LICENSE


2023-Jan-25 13:33:11.189174 INFO    [daemon] Program Working Directory: "/home/cole/Desktop/funny/tirtlecoin/build/src"
2023-Jan-25 13:33:11.189450 INFO    [daemon] Loading Checkpoints for faster initial sync...
2023-Jan-25 13:33:11.189582 INFO    [daemon] Loaded 0 default checkpoints
2023-Jan-25 13:33:11.189736 INFO    [RocksDBWrapper] Opening DB in /home/cole/.TirtleCoin/DB
2023-Jan-25 13:33:11.400367 INFO    [RocksDBWrapper] DB opened in /home/cole/.TirtleCoin/DB
2023-Jan-25 13:33:11.400856 INFO    [daemon] Initializing core...
2023-Jan-25 13:33:11.403911 INFO    [daemon] Core initialized OK
2023-Jan-25 13:33:11.405546 INFO    [daemon] Initializing p2p server...
2023-Jan-25 13:33:11.405727 INFO    [node_server] Binding on 0.0.0.0:11897
2023-Jan-25 13:33:11.405880 INFO    [node_server] Net service bound on 0.0.0.0:11897
2023-Jan-25 13:33:11.405977 INFO    [node_server] Attempting to add IGD port mapping.
2023-Jan-25 13:33:12.435255 INFO    [node_server] Added IGD port mapping.
2023-Jan-25 13:33:12.435466 INFO    [daemon] P2p server initialized OK
2023-Jan-25 13:33:12.435613 INFO    [daemon] Starting core rpc server on address 127.0.0.1:11898
2023-Jan-25 13:33:12.436179 INFO    [daemon] Starting p2p net loop...
2023-Jan-25 13:33:12.436295 INFO    [node_server] Starting node_server
2023-Jan-25 13:39:21.018155 INFO    [node_server] Stop signal sent, please only EXIT or CTRL+C one time to avoid stalling the shutdown process.
2023-Jan-25 13:39:21.018400 INFO    [node_server] Stopping NodeServer and its 0 connections...
2023-Jan-25 13:39:21.018607 DEBUG   [node_server] acceptLoop() is interrupted
2023-Jan-25 13:39:21.018767 DEBUG   [node_server] acceptLoop finished
2023-Jan-25 13:39:21.018932 DEBUG   [node_server] onIdle() is interrupted
2023-Jan-25 13:39:21.019092 DEBUG   [node_server] onIdle finished
2023-Jan-25 13:39:21.019257 DEBUG   [node_server] timedSyncLoop() is interrupted
2023-Jan-25 13:39:21.019403 DEBUG   [node_server] timedSyncLoop finished
2023-Jan-25 13:39:21.019569 DEBUG   [node_server] timeoutLoop() is interrupted
2023-Jan-25 13:39:21.019716 INFO    [node_server] NodeServer loop stopped
2023-Jan-25 13:39:21.019857 INFO    [daemon] p2p net loop stopped
2023-Jan-25 13:39:21.020000 INFO    [daemon] Stopping core rpc server...
2023-Jan-25 13:39:29.350444 INFO    [daemon] Deinitializing p2p...
2023-Jan-25 13:39:29.351082 DEBUG   [Core] transactionPoolCleaningProcedure has been interrupted
2023-Jan-25 13:39:29.352146 INFO    [RocksDBWrapper] Closing DB.
2023-Jan-25 13:39:29.545690 INFO    [daemon] Node stopped.
2023-Jan-25 13:39:30.711661 INFO    [daemon] 

                                                                            
████████╗██╗  ██╗██████╗ ████████╗██╗    ██████╗ █████╗ █████╗ ██╗███╗   ██╗
╚══██╔══╝██║  ██║██╔══██╗╚══██╔══╝██║    ██╔═══╝██╔═══╝██╔══██╗██║████╗  ██║
   ██║   ██║  ██║██████╔╝   ██║   ██║    ████╗  ██║    ██║  ██║██║██╔██╗ ██║
   ██║   ██║  ██║██╔══██╗   ██║   ██║    ██╔═╝  ██║    ██║  ██║██║██║╚██╗██║
   ██║   ╚█████╔╝██║  ██║   ██║   ██████╗██████╗╚█████╗╚█████╔╝██║██║ ╚████║
   ╚═╝    ╚════╝ ╚═╝  ╚═╝   ╚═╝   ╚═════╝╚═════╝ ╚════╝ ╚════╝ ╚═╝╚═╝  ╚═══╝

 TirtleCoin v1.0.1.2001 ()
 This software is distributed under the General Public License v3.0

 Copyright 2018-2021, The TurtleCoin Developers

 Additional Copyright(s) may apply, please see the included LICENSE file for more information.
 If you did not receive a copy of the LICENSE, please visit:
 https://github.com/turtlecoin/turtlecoin/blob/master/LICENSE


2023-Jan-25 13:39:30.711781 INFO    [daemon] Program Working Directory: "/home/cole/Desktop/funny/tirtlecoin/build/src"
2023-Jan-25 13:39:30.711823 INFO    [daemon] Loading Checkpoints for faster initial sync...
2023-Jan-25 13:39:30.711842 INFO    [daemon] Loaded 0 default checkpoints
2023-Jan-25 13:39:30.711864 INFO    [RocksDBWrapper] Opening DB in /home/cole/.TirtleCoin/DB
2023-Jan-25 13:39:31.033285 INFO    [RocksDBWrapper] DB opened in /home/cole/.TirtleCoin/DB
2023-Jan-25 13:39:31.033725 INFO    [daemon] Initializing core...
2023-Jan-25 13:39:31.036849 INFO    [daemon] Core initialized OK
2023-Jan-25 13:39:31.038982 INFO    [daemon] Initializing p2p server...
2023-Jan-25 13:39:31.039234 INFO    [node_server] Binding on 0.0.0.0:11897
2023-Jan-25 13:39:31.039450 INFO    [node_server] Net service bound on 0.0.0.0:11897
2023-Jan-25 13:39:31.039592 INFO    [node_server] Attempting to add IGD port mapping.
2023-Jan-25 13:39:32.069252 INFO    [node_server] Added IGD port mapping.
2023-Jan-25 13:39:32.069443 INFO    [daemon] P2p server initialized OK
2023-Jan-25 13:39:32.069537 INFO    [daemon] Starting core rpc server on address 127.0.0.1:11898
2023-Jan-25 13:39:32.070069 INFO    [daemon] Starting p2p net loop...
2023-Jan-25 13:39:32.070216 INFO    [node_server] Starting node_server
2023-Jan-25 13:40:00.415470 INFO    [node_server] Stop signal sent, please only EXIT or CTRL+C one time to avoid stalling the shutdown process.
2023-Jan-25 13:40:00.415692 INFO    [node_server] Stopping NodeServer and its 0 connections...
2023-Jan-25 13:40:00.415868 DEBUG   [node_server] acceptLoop() is interrupted
2023-Jan-25 13:40:00.415971 DEBUG   [node_server] acceptLoop finished
2023-Jan-25 13:40:00.416075 DEBUG   [node_server] onIdle() is interrupted
2023-Jan-25 13:40:00.416163 DEBUG   [node_server] onIdle finished
2023-Jan-25 13:40:00.416268 DEBUG   [node_server] timedSyncLoop() is interrupted
2023-Jan-25 13:40:00.416359 DEBUG   [node_server] timedSyncLoop finished
2023-Jan-25 13:40:00.416455 DEBUG   [node_server] timeoutLoop() is interrupted
2023-Jan-25 13:40:00.416543 INFO    [node_server] NodeServer loop stopped
2023-Jan-25 13:40:00.416626 INFO    [daemon] p2p net loop stopped
2023-Jan-25 13:40:00.416707 INFO    [daemon] Stopping core rpc server...
2023-Jan-25 13:40:09.365059 INFO    [daemon] Deinitializing p2p...
2023-Jan-25 13:40:09.365696 DEBUG   [Core] transactionPoolCleaningProcedure has been interrupted
2023-Jan-25 13:40:09.367187 INFO    [RocksDBWrapper] Closing DB.
2023-Jan-25 13:40:09.540119 INFO    [daemon] Node stopped.
2023-Jan-25 13:41:23.278452 INFO    [daemon] 

                                                                            
████████╗██╗  ██╗██████╗ ████████╗██╗    ██████╗ █████╗ █████╗ ██╗███╗   ██╗
╚══██╔══╝██║  ██║██╔══██╗╚══██╔══╝██║    ██╔═══╝██╔═══╝██╔══██╗██║████╗  ██║
   ██║   ██║  ██║██████╔╝   ██║   ██║    ████╗  ██║    ██║  ██║██║██╔██╗ ██║
   ██║   ██║  ██║██╔══██╗   ██║   ██║    ██╔═╝  ██║    ██║  ██║██║██║╚██╗██║
   ██║   ╚█████╔╝██║  ██║   ██║   ██████╗██████╗╚█████╗╚█████╔╝██║██║ ╚████║
   ╚═╝    ╚════╝ ╚═╝  ╚═╝   ╚═╝   ╚═════╝╚═════╝ ╚════╝ ╚════╝ ╚═╝╚═╝  ╚═══╝

 TirtleCoin v1.0.1.2001 ()
 This software is distributed under the General Public License v3.0

 Copyright 2018-2021, The TurtleCoin Developers

 Additional Copyright(s) may apply, please see the included LICENSE file for more information.
 If you did not receive a copy of the LICENSE, please visit:
 https://github.com/turtlecoin/turtlecoin/blob/master/LICENSE


2023-Jan-25 13:41:23.278572 INFO    [daemon] Program Working Directory: "/home/cole/Desktop/funny/tirtlecoin/build/src"
2023-Jan-25 13:41:23.278615 INFO    [daemon] Loading Checkpoints for faster initial sync...
2023-Jan-25 13:41:23.278633 INFO    [daemon] Loaded 0 default checkpoints
2023-Jan-25 13:41:23.278663 INFO    [RocksDBWrapper] Opening DB in /home/cole/.TirtleCoin/DB
2023-Jan-25 13:41:23.486297 INFO    [RocksDBWrapper] DB opened in /home/cole/.TirtleCoin/DB
2023-Jan-25 13:41:23.486593 INFO    [daemon] Initializing core...
2023-Jan-25 13:41:23.488749 INFO    [daemon] Core initialized OK
2023-Jan-25 13:41:23.490181 INFO    [daemon] Initializing p2p server...
2023-Jan-25 13:41:23.490339 INFO    [node_server] Binding on 0.0.0.0:11897
2023-Jan-25 13:41:23.490463 INFO    [node_server] Net service bound on 0.0.0.0:11897
2023-Jan-25 13:41:23.490537 INFO    [node_server] Attempting to add IGD port mapping.
2023-Jan-25 13:41:24.520827 INFO    [node_server] Added IGD port mapping.
2023-Jan-25 13:41:24.521020 INFO    [daemon] P2p server initialized OK
2023-Jan-25 13:41:24.521110 INFO    [daemon] Starting core rpc server on address 127.0.0.1:11898
2023-Jan-25 13:41:24.521648 INFO    [daemon] Starting p2p net loop...
2023-Jan-25 13:41:24.521762 INFO    [node_server] Starting node_server
2023-Jan-25 13:46:54.226120 INFO    [node_server] Stop signal sent, please only EXIT or CTRL+C one time to avoid stalling the shutdown process.
2023-Jan-25 13:46:54.226363 INFO    [node_server] Stopping NodeServer and its 0 connections...
2023-Jan-25 13:46:54.226544 DEBUG   [node_server] acceptLoop() is interrupted
2023-Jan-25 13:46:54.226684 DEBUG   [node_server] acceptLoop finished
2023-Jan-25 13:46:54.226802 DEBUG   [node_server] onIdle() is interrupted
2023-Jan-25 13:46:54.226918 DEBUG   [node_server] onIdle finished
2023-Jan-25 13:46:54.227055 DEBUG   [node_server] timedSyncLoop() is interrupted
2023-Jan-25 13:46:54.227189 DEBUG   [node_server] timedSyncLoop finished
2023-Jan-25 13:46:54.227303 DEBUG   [node_server] timeoutLoop() is interrupted
2023-Jan-25 13:46:54.227415 INFO    [node_server] NodeServer loop stopped
2023-Jan-25 13:46:54.227531 INFO    [daemon] p2p net loop stopped
2023-Jan-25 13:46:54.227645 INFO    [daemon] Stopping core rpc server...
2023-Jan-25 13:46:55.247848 INFO    [daemon] Deinitializing p2p...
2023-Jan-25 13:46:55.248458 DEBUG   [Core] transactionPoolCleaningProcedure has been interrupted
2023-Jan-25 13:46:55.249523 INFO    [RocksDBWrapper] Closing DB.
2023-Jan-25 13:46:55.419258 INFO    [daemon] Node stopped.
2023-Jan-25 14:05:54.268481 INFO    [daemon] 

                                                                            
████████╗██╗  ██╗██████╗ ████████╗██╗    ██████╗ █████╗ █████╗ ██╗███╗   ██╗
╚══██╔══╝██║  ██║██╔══██╗╚══██╔══╝██║    ██╔═══╝██╔═══╝██╔══██╗██║████╗  ██║
   ██║   ██║  ██║██████╔╝   ██║   ██║    ████╗  ██║    ██║  ██║██║██╔██╗ ██║
   ██║   ██║  ██║██╔══██╗   ██║   ██║    ██╔═╝  ██║    ██║  ██║██║██║╚██╗██║
   ██║   ╚█████╔╝██║  ██║   ██║   ██████╗██████╗╚█████╗╚█████╔╝██║██║ ╚████║
   ╚═╝    ╚════╝ ╚═╝  ╚═╝   ╚═╝   ╚═════╝╚═════╝ ╚════╝ ╚════╝ ╚═╝╚═╝  ╚═══╝

 TirtleCoin v1.0.1.2001 ()
 This software is distributed under the General Public License v3.0

 Copyright 2018-2021, The TurtleCoin Developers

 Additional Copyright(s) may apply, please see the included LICENSE file for more information.
 If you did not receive a copy of the LICENSE, please visit:
 https://github.com/turtlecoin/turtlecoin/blob/master/LICENSE


2023-Jan-25 14:05:54.268603 INFO    [daemon] Program Working Directory: "/home/cole/Desktop/funny/tirtlecoin/build/src"
2023-Jan-25 14:05:54.268664 INFO    [daemon] Loading Checkpoints for faster initial sync...
2023-Jan-25 14:05:54.268679 INFO    [daemon] Loaded 0 default checkpoints
2023-Jan-25 14:05:54.268699 INFO    [RocksDBWrapper] Opening DB in /home/cole/.TirtleCoin/DB
2023-Jan-25 14:05:54.487513 INFO    [RocksDBWrapper] DB opened in /home/cole/.TirtleCoin/DB
2023-Jan-25 14:05:54.487993 INFO    [daemon] Initializing core...
2023-Jan-25 14:05:54.492263 INFO    [daemon] Core initialized OK
2023-Jan-25 14:05:54.493680 INFO    [daemon] Initializing p2p server...
2023-Jan-25 14:05:54.493727 INFO    [node_server] Binding on 0.0.0.0:11897
2023-Jan-25 14:05:54.493756 INFO    [node_server] Net service bound on 0.0.0.0:11897
2023-Jan-25 14:05:54.493771 INFO    [node_server] Attempting to add IGD port mapping.
2023-Jan-25 14:05:55.523326 INFO    [node_server] Added IGD port mapping.
2023-Jan-25 14:05:55.523503 INFO    [daemon] P2p server initialized OK
2023-Jan-25 14:05:55.523588 INFO    [daemon] Starting core rpc server on address 127.0.0.1:11898
2023-Jan-25 14:05:55.524719 INFO    [daemon] Starting p2p net loop...
2023-Jan-25 14:05:55.524828 INFO    [node_server] Starting node_server
2023-Jan-25 14:05:55.526158 ERROR   [node_server] Failed to connect to any of seed peers, continuing without seeds
2023-Jan-25 14:05:57.528115 ERROR   [node_server] Failed to connect to any of seed peers, continuing without seeds
2023-Jan-25 14:05:59.130743 INFO    [node_server] Stop signal sent, please only EXIT or CTRL+C one time to avoid stalling the shutdown process.
2023-Jan-25 14:05:59.130953 INFO    [node_server] Stopping NodeServer and its 0 connections...
2023-Jan-25 14:05:59.131194 DEBUG   [node_server] acceptLoop() is interrupted
2023-Jan-25 14:05:59.131326 DEBUG   [node_server] acceptLoop finished
2023-Jan-25 14:05:59.131442 DEBUG   [node_server] onIdle() is interrupted
2023-Jan-25 14:05:59.131561 DEBUG   [node_server] onIdle finished
2023-Jan-25 14:05:59.131686 DEBUG   [node_server] timedSyncLoop() is interrupted
2023-Jan-25 14:05:59.131812 DEBUG   [node_server] timedSyncLoop finished
2023-Jan-25 14:05:59.131943 DEBUG   [node_server] timeoutLoop() is interrupted
2023-Jan-25 14:05:59.132069 INFO    [node_server] NodeServer loop stopped
2023-Jan-25 14:05:59.132186 INFO    [daemon] p2p net loop stopped
2023-Jan-25 14:05:59.132299 INFO    [daemon] Stopping core rpc server...
2023-Jan-25 14:05:59.142672 INFO    [daemon] Deinitializing p2p...
2023-Jan-25 14:05:59.143387 DEBUG   [Core] transactionPoolCleaningProcedure has been interrupted
2023-Jan-25 14:05:59.145206 INFO    [RocksDBWrapper] Closing DB.
2023-Jan-25 14:05:59.312938 INFO    [daemon] Node stopped.
2023-Jan-25 14:08:04.315689 INFO    [daemon] 

                                                                            
████████╗██╗  ██╗██████╗ ████████╗██╗    ██████╗ █████╗ █████╗ ██╗███╗   ██╗
╚══██╔══╝██║  ██║██╔══██╗╚══██╔══╝██║    ██╔═══╝██╔═══╝██╔══██╗██║████╗  ██║
   ██║   ██║  ██║██████╔╝   ██║   ██║    ████╗  ██║    ██║  ██║██║██╔██╗ ██║
   ██║   ██║  ██║██╔══██╗   ██║   ██║    ██╔═╝  ██║    ██║  ██║██║██║╚██╗██║
   ██║   ╚█████╔╝██║  ██║   ██║   ██████╗██████╗╚█████╗╚█████╔╝██║██║ ╚████║
   ╚═╝    ╚════╝ ╚═╝  ╚═╝   ╚═╝   ╚═════╝╚═════╝ ╚════╝ ╚════╝ ╚═╝╚═╝  ╚═══╝

 TirtleCoin v1.0.1.2001 ()
 This software is distributed under the General Public License v3.0

 Copyright 2018-2021, The TurtleCoin Developers

 Additional Copyright(s) may apply, please see the included LICENSE file for more information.
 If you did not receive a copy of the LICENSE, please visit:
 https://github.com/turtlecoin/turtlecoin/blob/master/LICENSE


2023-Jan-25 14:08:04.315802 INFO    [daemon] Program Working Directory: "/home/cole/Desktop/funny/tirtlecoin/build/src"
2023-Jan-25 14:08:04.315843 INFO    [daemon] Loading Checkpoints for faster initial sync...
2023-Jan-25 14:08:04.315860 INFO    [daemon] Loaded 0 default checkpoints
2023-Jan-25 14:08:04.315879 INFO    [RocksDBWrapper] Opening DB in /home/cole/.TirtleCoin/DB
2023-Jan-25 14:08:04.533440 INFO    [RocksDBWrapper] DB opened in /home/cole/.TirtleCoin/DB
2023-Jan-25 14:08:04.533931 INFO    [daemon] Initializing core...
2023-Jan-25 14:08:04.537726 INFO    [daemon] Core initialized OK
2023-Jan-25 14:08:04.539049 INFO    [daemon] Initializing p2p server...
2023-Jan-25 14:08:04.539141 INFO    [node_server] Binding on 0.0.0.0:11897
2023-Jan-25 14:08:04.539174 INFO    [node_server] Net service bound on 0.0.0.0:11897
2023-Jan-25 14:08:04.539189 INFO    [node_server] Attempting to add IGD port mapping.
2023-Jan-25 14:08:05.569280 INFO    [node_server] Added IGD port mapping.
2023-Jan-25 14:08:05.569337 INFO    [daemon] P2p server initialized OK
2023-Jan-25 14:08:05.569358 INFO    [daemon] Starting core rpc server on address 127.0.0.1:11898
2023-Jan-25 14:08:05.569513 INFO    [daemon] Starting p2p net loop...
2023-Jan-25 14:08:05.569542 INFO    [node_server] Starting node_server
2023-Jan-25 14:08:05.570925 ERROR   [node_server] Failed to connect to any of seed peers, continuing without seeds
2023-Jan-25 14:08:07.573088 ERROR   [node_server] Failed to connect to any of seed peers, continuing without seeds
2023-Jan-25 14:08:09.574008 ERROR   [node_server] Failed to connect to any of seed peers, continuing without seeds
2023-Jan-25 14:08:11.575113 ERROR   [node_server] Failed to connect to any of seed peers, continuing without seeds
2023-Jan-25 14:08:13.577230 ERROR   [node_server] Failed to connect to any of seed peers, continuing without seeds
2023-Jan-25 14:08:15.584329 INFO    [node_server] Stop signal sent, please only EXIT or CTRL+C one time to avoid stalling the shutdown process.
2023-Jan-25 14:08:15.584540 DEBUG   [node_server] onIdle finished
2023-Jan-25 14:08:15.584641 INFO    [node_server] Stopping NodeServer and its 0 connections...
2023-Jan-25 14:08:15.584772 DEBUG   [node_server] acceptLoop() is interrupted
2023-Jan-25 14:08:15.584860 DEBUG   [node_server] acceptLoop finished
2023-Jan-25 14:08:15.584965 DEBUG   [node_server] timedSyncLoop() is interrupted
2023-Jan-25 14:08:15.585053 DEBUG   [node_server] timedSyncLoop finished
2023-Jan-25 14:08:15.585133 INFO    [node_server] NodeServer loop stopped
2023-Jan-25 14:08:15.585212 INFO    [daemon] p2p net loop stopped
2023-Jan-25 14:08:15.585289 INFO    [daemon] Stopping core rpc server...
2023-Jan-25 14:08:19.839591 INFO    [daemon] Deinitializing p2p...
2023-Jan-25 14:08:19.839829 DEBUG   [Core] transactionPoolCleaningProcedure has been interrupted
2023-Jan-25 14:08:19.840543 INFO    [RocksDBWrapper] Closing DB.
2023-Jan-25 14:08:20.026674 INFO    [daemon] Node stopped.
2023-Jan-25 14:10:40.730704 INFO    [daemon] 

                                                                            
████████╗██╗  ██╗██████╗ ████████╗██╗    ██████╗ █████╗ █████╗ ██╗███╗   ██╗
╚══██╔══╝██║  ██║██╔══██╗╚══██╔══╝██║    ██╔═══╝██╔═══╝██╔══██╗██║████╗  ██║
   ██║   ██║  ██║██████╔╝   ██║   ██║    ████╗  ██║    ██║  ██║██║██╔██╗ ██║
   ██║   ██║  ██║██╔══██╗   ██║   ██║    ██╔═╝  ██║    ██║  ██║██║██║╚██╗██║
   ██║   ╚█████╔╝██║  ██║   ██║   ██████╗██████╗╚█████╗╚█████╔╝██║██║ ╚████║
   ╚═╝    ╚════╝ ╚═╝  ╚═╝   ╚═╝   ╚═════╝╚═════╝ ╚════╝ ╚════╝ ╚═╝╚═╝  ╚═══╝

 TirtleCoin v1.0.1.2001 ()
 This software is distributed under the General Public License v3.0

 Copyright 2018-2021, The TurtleCoin Developers

 Additional Copyright(s) may apply, please see the included LICENSE file for more information.
 If you did not receive a copy of the LICENSE, please visit:
 https://github.com/turtlecoin/turtlecoin/blob/master/LICENSE


2023-Jan-25 14:10:40.730806 INFO    [daemon] Program Working Directory: "/home/cole/Desktop/funny/tirtlecoin/build/src"
2023-Jan-25 14:10:40.730849 INFO    [daemon] Loading Checkpoints for faster initial sync...
2023-Jan-25 14:10:40.730865 INFO    [daemon] Loaded 0 default checkpoints
2023-Jan-25 14:10:40.730886 INFO    [RocksDBWrapper] Opening DB in /home/cole/.TirtleCoin/DB
2023-Jan-25 14:10:40.942727 INFO    [RocksDBWrapper] DB opened in /home/cole/.TirtleCoin/DB
2023-Jan-25 14:10:40.943192 INFO    [daemon] Initializing core...
2023-Jan-25 14:10:40.946793 INFO    [daemon] Core initialized OK
2023-Jan-25 14:10:40.948497 INFO    [daemon] Initializing p2p server...
2023-Jan-25 14:10:40.948751 INFO    [node_server] Binding on 0.0.0.0:11897
2023-Jan-25 14:10:40.948908 INFO    [node_server] Net service bound on 0.0.0.0:11897
2023-Jan-25 14:10:40.949002 INFO    [node_server] Attempting to add IGD port mapping.
2023-Jan-25 14:10:41.986728 INFO    [node_server] Added IGD port mapping.
2023-Jan-25 14:10:41.986908 INFO    [daemon] P2p server initialized OK
2023-Jan-25 14:10:41.986996 INFO    [daemon] Starting core rpc server on address 127.0.0.1:11898
2023-Jan-25 14:10:41.987546 INFO    [daemon] Starting p2p net loop...
2023-Jan-25 14:10:41.987659 INFO    [node_server] Starting node_server
2023-Jan-25 14:10:41.988427 INFO    [protocol] 
2023-Jan-25 14:10:41.988549 INFO    [protocol] ===[ TirtleCoin Tip! ]=============================
2023-Jan-25 14:10:41.988639 INFO    [protocol]  Always exit TirtleCoind and redwallet with the "exit" command to preserve your chain and wallet data.
2023-Jan-25 14:10:41.988734 INFO    [protocol]  Use the "help" command to see a list of available commands.
2023-Jan-25 14:10:41.988819 INFO    [protocol]  Use the "backup" command in redwallet to display your keys/seed for restoring a corrupted wallet.
2023-Jan-25 14:10:41.988911 INFO    [protocol]  If you need more assistance, you can contact us for support at http://chat.turtlecoin.lol
2023-Jan-25 14:10:41.989000 INFO    [protocol] ===================================================
2023-Jan-25 14:10:41.989000 INFO    [protocol] 
2023-Jan-25 14:10:41.989149 INFO    [protocol] 
                                                                            
████████╗██╗  ██╗██████╗ ████████╗██╗    ██████╗ █████╗ █████╗ ██╗███╗   ██╗
╚══██╔══╝██║  ██║██╔══██╗╚══██╔══╝██║    ██╔═══╝██╔═══╝██╔══██╗██║████╗  ██║
   ██║   ██║  ██║██████╔╝   ██║   ██║    ████╗  ██║    ██║  ██║██║██╔██╗ ██║
   ██║   ██║  ██║██╔══██╗   ██║   ██║    ██╔═╝  ██║    ██║  ██║██║██║╚██╗██║
   ██║   ╚█████╔╝██║  ██║   ██║   ██████╗██████╗╚█████╗╚█████╔╝██║██║ ╚████║
   ╚═╝    ╚════╝ ╚═╝  ╚═╝   ╚═╝   ╚═════╝╚═════╝ ╚════╝ ╚════╝ ╚═╝╚═╝  ╚═══╝

2023-Jan-25 14:10:41.989541 INFO    [protocol] New Top Block Detected: 1
2023-Jan-25 14:14:57.944905 INFO    [node_server] Stop signal sent, please only EXIT or CTRL+C one time to avoid stalling the shutdown process.
2023-Jan-25 14:14:57.944968 INFO    [node_server] Stopping NodeServer and its 0 connections...
2023-Jan-25 14:14:57.945010 DEBUG   [node_server] acceptLoop() is interrupted
2023-Jan-25 14:14:57.945033 DEBUG   [node_server] acceptLoop finished
2023-Jan-25 14:14:57.945055 DEBUG   [node_server] onIdle() is interrupted
2023-Jan-25 14:14:57.945075 DEBUG   [node_server] onIdle finished
2023-Jan-25 14:14:57.945102 DEBUG   [node_server] timedSyncLoop() is interrupted
2023-Jan-25 14:14:57.945122 DEBUG   [node_server] timedSyncLoop finished
2023-Jan-25 14:14:57.945144 DEBUG   [node_server] timeoutLoop() is interrupted
2023-Jan-25 14:14:57.945165 INFO    [node_server] NodeServer loop stopped
2023-Jan-25 14:14:57.945184 INFO    [daemon] p2p net loop stopped
2023-Jan-25 14:14:57.945202 INFO    [daemon] Stopping core rpc server...
2023-Jan-25 14:15:10.649656 INFO    [daemon] Deinitializing p2p...
2023-Jan-25 14:15:10.650265 DEBUG   [Core] transactionPoolCleaningProcedure has been interrupted
2023-Jan-25 14:15:10.651987 INFO    [RocksDBWrapper] Closing DB.
2023-Jan-25 14:15:10.831651 INFO    [daemon] Node stopped.
2023-Jan-25 14:15:38.131006 INFO    [daemon] 

                                                                            
████████╗██╗  ██╗██████╗ ████████╗██╗    ██████╗ █████╗ █████╗ ██╗███╗   ██╗
╚══██╔══╝██║  ██║██╔══██╗╚══██╔══╝██║    ██╔═══╝██╔═══╝██╔══██╗██║████╗  ██║
   ██║   ██║  ██║██████╔╝   ██║   ██║    ████╗  ██║    ██║  ██║██║██╔██╗ ██║
   ██║   ██║  ██║██╔══██╗   ██║   ██║    ██╔═╝  ██║    ██║  ██║██║██║╚██╗██║
   ██║   ╚█████╔╝██║  ██║   ██║   ██████╗██████╗╚█████╗╚█████╔╝██║██║ ╚████║
   ╚═╝    ╚════╝ ╚═╝  ╚═╝   ╚═╝   ╚═════╝╚═════╝ ╚════╝ ╚════╝ ╚═╝╚═╝  ╚═══╝

 TirtleCoin v1.0.1.2001 ()
 This software is distributed under the General Public License v3.0

 Copyright 2018-2021, The TurtleCoin Developers

 Additional Copyright(s) may apply, please see the included LICENSE file for more information.
 If you did not receive a copy of the LICENSE, please visit:
 https://github.com/turtlecoin/turtlecoin/blob/master/LICENSE


2023-Jan-25 14:15:38.131134 INFO    [daemon] Program Working Directory: "/home/cole/Desktop/funny/tirtlecoin/build/src"
2023-Jan-25 14:15:38.131178 INFO    [daemon] Loading Checkpoints for faster initial sync...
2023-Jan-25 14:15:38.131196 INFO    [daemon] Loaded 0 default checkpoints
2023-Jan-25 14:15:38.131216 INFO    [RocksDBWrapper] Opening DB in /home/cole/.TirtleCoin/DB
2023-Jan-25 14:15:38.340937 INFO    [RocksDBWrapper] DB opened in /home/cole/.TirtleCoin/DB
2023-Jan-25 14:15:38.341419 INFO    [daemon] Initializing core...
2023-Jan-25 14:15:38.345857 INFO    [daemon] Core initialized OK
2023-Jan-25 14:15:38.346773 INFO    [daemon] Initializing p2p server...
2023-Jan-25 14:15:38.346821 INFO    [node_server] Binding on 0.0.0.0:11897
2023-Jan-25 14:15:38.346872 INFO    [node_server] Net service bound on 0.0.0.0:11897
2023-Jan-25 14:15:38.346910 INFO    [node_server] Attempting to add IGD port mapping.
2023-Jan-25 14:15:39.380528 INFO    [node_server] Added IGD port mapping.
2023-Jan-25 14:15:39.380709 INFO    [daemon] P2p server initialized OK
2023-Jan-25 14:15:39.380797 INFO    [daemon] Starting core rpc server on address 127.0.0.1:11898
2023-Jan-25 14:15:39.381949 INFO    [daemon] Starting p2p net loop...
2023-Jan-25 14:15:39.382061 INFO    [node_server] Starting node_server
2023-Jan-25 14:15:39.382602 INFO    [protocol] 
2023-Jan-25 14:15:39.382709 INFO    [protocol] ===[ TirtleCoin Tip! ]=============================
2023-Jan-25 14:15:39.382797 INFO    [protocol]  Always exit TirtleCoind and redwallet with the "exit" command to preserve your chain and wallet data.
2023-Jan-25 14:15:39.382891 INFO    [protocol]  Use the "help" command to see a list of available commands.
2023-Jan-25 14:15:39.382974 INFO    [protocol]  Use the "backup" command in redwallet to display your keys/seed for restoring a corrupted wallet.
2023-Jan-25 14:15:39.383090 INFO    [protocol]  If you need more assistance, you can contact us for support at http://chat.turtlecoin.lol
2023-Jan-25 14:15:39.383187 INFO    [protocol] ===================================================
2023-Jan-25 14:15:39.383187 INFO    [protocol] 
2023-Jan-25 14:15:39.383341 INFO    [protocol] 
                                                                            
████████╗██╗  ██╗██████╗ ████████╗██╗    ██████╗ █████╗ █████╗ ██╗███╗   ██╗
╚══██╔══╝██║  ██║██╔══██╗╚══██╔══╝██║    ██╔═══╝██╔═══╝██╔══██╗██║████╗  ██║
   ██║   ██║  ██║██████╔╝   ██║   ██║    ████╗  ██║    ██║  ██║██║██╔██╗ ██║
   ██║   ██║  ██║██╔══██╗   ██║   ██║    ██╔═╝  ██║    ██║  ██║██║██║╚██╗██║
   ██║   ╚█████╔╝██║  ██║   ██║   ██████╗██████╗╚█████╗╚█████╔╝██║██║ ╚████║
   ╚═╝    ╚════╝ ╚═╝  ╚═╝   ╚═╝   ╚═════╝╚═════╝ ╚════╝ ╚════╝ ╚═╝╚═╝  ╚═══╝

2023-Jan-25 14:15:39.383716 INFO    [protocol] New Top Block Detected: 1
2023-Jan-25 14:15:59.019959 INFO    [node_server] Stop signal sent, please only EXIT or CTRL+C one time to avoid stalling the shutdown process.
2023-Jan-25 14:15:59.020194 INFO    [node_server] Stopping NodeServer and its 0 connections...
2023-Jan-25 14:15:59.020340 DEBUG   [node_server] acceptLoop() is interrupted
2023-Jan-25 14:15:59.020428 DEBUG   [node_server] acceptLoop finished
2023-Jan-25 14:15:59.020522 DEBUG   [node_server] onIdle() is interrupted
2023-Jan-25 14:15:59.020628 DEBUG   [node_server] onIdle finished
2023-Jan-25 14:15:59.020718 DEBUG   [node_server] timedSyncLoop() is interrupted
2023-Jan-25 14:15:59.020811 DEBUG   [node_server] timedSyncLoop finished
2023-Jan-25 14:15:59.020900 DEBUG   [node_server] timeoutLoop() is interrupted
2023-Jan-25 14:15:59.020984 INFO    [node_server] NodeServer loop stopped
2023-Jan-25 14:15:59.021063 INFO    [daemon] p2p net loop stopped
2023-Jan-25 14:15:59.021140 INFO    [daemon] Stopping core rpc server...
2023-Jan-25 14:16:25.144750 INFO    [daemon] Deinitializing p2p...
2023-Jan-25 14:16:25.145385 DEBUG   [Core] transactionPoolCleaningProcedure has been interrupted
2023-Jan-25 14:16:25.147156 INFO    [RocksDBWrapper] Closing DB.
2023-Jan-25 14:16:25.310473 INFO    [daemon] Node stopped.
2023-Jan-25 14:17:37.135400 INFO    [daemon] 

                                                                            
████████╗██╗  ██╗██████╗ ████████╗██╗    ██████╗ █████╗ █████╗ ██╗███╗   ██╗
╚══██╔══╝██║  ██║██╔══██╗╚══██╔══╝██║    ██╔═══╝██╔═══╝██╔══██╗██║████╗  ██║
   ██║   ██║  ██║██████╔╝   ██║   ██║    ████╗  ██║    ██║  ██║██║██╔██╗ ██║
   ██║   ██║  ██║██╔══██╗   ██║   ██║    ██╔═╝  ██║    ██║  ██║██║██║╚██╗██║
   ██║   ╚█████╔╝██║  ██║   ██║   ██████╗██████╗╚█████╗╚█████╔╝██║██║ ╚████║
   ╚═╝    ╚════╝ ╚═╝  ╚═╝   ╚═╝   ╚═════╝╚═════╝ ╚════╝ ╚════╝ ╚═╝╚═╝  ╚═══╝

 TirtleCoin v1.0.1.2001 ()
 This software is distributed under the General Public License v3.0

 Copyright 2018-2021, The TurtleCoin Developers

 Additional Copyright(s) may apply, please see the included LICENSE file for more information.
 If you did not receive a copy of the LICENSE, please visit:
 https://github.com/turtlecoin/turtlecoin/blob/master/LICENSE


2023-Jan-25 14:17:37.135503 INFO    [daemon] Program Working Directory: "/home/cole/Desktop/funny/tirtlecoin/build/src"
2023-Jan-25 14:17:37.135541 INFO    [daemon] Loading Checkpoints for faster initial sync...
2023-Jan-25 14:17:37.135556 INFO    [daemon] Loaded 0 default checkpoints
2023-Jan-25 14:17:37.135584 INFO    [RocksDBWrapper] Opening DB in /home/cole/.TirtleCoin/DB
2023-Jan-25 14:17:37.368618 INFO    [RocksDBWrapper] DB opened in /home/cole/.TirtleCoin/DB
2023-Jan-25 14:17:37.369084 INFO    [daemon] Initializing core...
2023-Jan-25 14:17:37.372311 INFO    [daemon] Core initialized OK
2023-Jan-25 14:17:37.373962 INFO    [daemon] Initializing p2p server...
2023-Jan-25 14:17:37.374201 INFO    [node_server] Binding on 0.0.0.0:11897
2023-Jan-25 14:17:37.374348 INFO    [node_server] Net service bound on 0.0.0.0:11897
2023-Jan-25 14:17:37.374439 INFO    [node_server] Attempting to add IGD port mapping.
2023-Jan-25 14:17:38.460021 INFO    [node_server] Added IGD port mapping.
2023-Jan-25 14:17:38.460200 INFO    [daemon] P2p server initialized OK
2023-Jan-25 14:17:38.460291 INFO    [daemon] Starting core rpc server on address 127.0.0.1:11898
2023-Jan-25 14:17:38.460852 INFO    [daemon] Starting p2p net loop...
2023-Jan-25 14:17:38.460973 INFO    [node_server] Starting node_server
2023-Jan-25 14:17:38.461756 INFO    [protocol] 
2023-Jan-25 14:17:38.461866 INFO    [protocol] ===[ TirtleCoin Tip! ]=============================
2023-Jan-25 14:17:38.461954 INFO    [protocol]  Always exit TirtleCoind and redwallet with the "exit" command to preserve your chain and wallet data.
2023-Jan-25 14:17:38.462048 INFO    [protocol]  Use the "help" command to see a list of available commands.
2023-Jan-25 14:17:38.462155 INFO    [protocol]  Use the "backup" command in redwallet to display your keys/seed for restoring a corrupted wallet.
2023-Jan-25 14:17:38.462246 INFO    [protocol]  If you need more assistance, you can contact us for support at http://chat.turtlecoin.lol
2023-Jan-25 14:17:38.462333 INFO    [protocol] ===================================================
2023-Jan-25 14:17:38.462333 INFO    [protocol] 
2023-Jan-25 14:17:38.462481 INFO    [protocol] 
                                                                            
████████╗██╗  ██╗██████╗ ████████╗██╗    ██████╗ █████╗ █████╗ ██╗███╗   ██╗
╚══██╔══╝██║  ██║██╔══██╗╚══██╔══╝██║    ██╔═══╝██╔═══╝██╔══██╗██║████╗  ██║
   ██║   ██║  ██║██████╔╝   ██║   ██║    ████╗  ██║    ██║  ██║██║██╔██╗ ██║
   ██║   ██║  ██║██╔══██╗   ██║   ██║    ██╔═╝  ██║    ██║  ██║██║██║╚██╗██║
   ██║   ╚█████╔╝██║  ██║   ██║   ██████╗██████╗╚█████╗╚█████╔╝██║██║ ╚████║
   ╚═╝    ╚════╝ ╚═╝  ╚═╝   ╚═╝   ╚═════╝╚═════╝ ╚════╝ ╚════╝ ╚═╝╚═╝  ╚═══╝

2023-Jan-25 14:17:38.462855 INFO    [protocol] New Top Block Detected: 1
2023-Jan-25 14:18:08.483509 DEBUG   [node_server] Connecting to 192.168.1.68:11897 (white=1, last_seen: never)...
2023-Jan-25 14:18:08.483617 TRACE   [node_server] [192.168.1.68:42849 INC] NEW CONNECTION
2023-Jan-25 14:18:08.483642 DEBUG   [node_server] [192.168.1.68:42849 INC] writeHandler started
2023-Jan-25 14:18:08.483724 TRACE   [protocol] Observed height updated: 1
2023-Jan-25 14:18:08.483744 DEBUG   [node_server] COMMAND_HANDSHAKE
2023-Jan-25 14:18:08.483768 DEBUG   [node_server] [192.168.1.68:42849 INC] msg 1:1001
2023-Jan-25 14:18:08.483792 DEBUG   [node_server] [192.168.1.68:42849 INC] msg 2:2008
2023-Jan-25 14:18:08.483828 DEBUG   [node_server] [192.168.1.68:11897 OUT] CONNECTION HANDSHAKED OK AND CLOSED.
2023-Jan-25 14:18:08.483867 DEBUG   [node_server] [192.168.1.68:42849 INC] Exception in connectionHandler: TcpConnection::read
2023-Jan-25 14:18:08.483888 DEBUG   [node_server] [192.168.1.68:42849 INC] Interrupt connection
2023-Jan-25 14:18:08.483909 DEBUG   [node_server] [192.168.1.68:42849 INC] writeHandler finished
2023-Jan-25 14:18:08.483926 TRACE   [node_server] [192.168.1.68:42849 INC] CLOSE CONNECTION
2023-Jan-25 14:18:08.483943 TRACE   [protocol] Observed height updated: 0
2023-Jan-25 14:18:08.531649 INFO    [node_server] Stop signal sent, please only EXIT or CTRL+C one time to avoid stalling the shutdown process.
2023-Jan-25 14:18:08.531653 INFO    [node_server] Stopping NodeServer and its 0 connections...
2023-Jan-25 14:18:08.531763 DEBUG   [node_server] acceptLoop() is interrupted
2023-Jan-25 14:18:08.531782 DEBUG   [node_server] acceptLoop finished
2023-Jan-25 14:18:08.531802 DEBUG   [node_server] onIdle() is interrupted
2023-Jan-25 14:18:08.531818 DEBUG   [node_server] onIdle finished
2023-Jan-25 14:18:08.531836 DEBUG   [node_server] timedSyncLoop() is interrupted
2023-Jan-25 14:18:08.531852 DEBUG   [node_server] timedSyncLoop finished
2023-Jan-25 14:18:08.531871 DEBUG   [node_server] timeoutLoop() is interrupted
2023-Jan-25 14:18:08.531887 INFO    [node_server] NodeServer loop stopped
2023-Jan-25 14:18:08.531903 INFO    [daemon] p2p net loop stopped
2023-Jan-25 14:18:08.531919 INFO    [daemon] Stopping core rpc server...
2023-Jan-25 14:18:21.355033 INFO    [daemon] Deinitializing p2p...
2023-Jan-25 14:18:21.355688 DEBUG   [Core] transactionPoolCleaningProcedure has been interrupted
2023-Jan-25 14:18:21.357013 INFO    [RocksDBWrapper] Closing DB.
2023-Jan-25 14:18:21.507595 INFO    [daemon] Node stopped.
